[    0.000000] Initializing cgroup subsys cpuset
[    0.000000] Initializing cgroup subsys cpu
[    0.000000] Initializing cgroup subsys cpuacct
[    0.000000] Linux version 4.4.0-103-generic (buildd@lcy01-amd64-001) (gcc version 5.4.0 20160609 (Ubuntu 5.4.0-6ubuntu1~16.04.5) ) #126-Ubuntu SMP Mon Dec 4 16:23:28 UTC 2017 (Ubuntu 4.4.0-103.126-generic 4.4.98)
[    0.000000] Command line: BOOT_IMAGE=/boot/vmlinuz-4.4.0-103-generic root=UUID=b47c7b39-066f-4b0d-bb40-05787cf11755 ro console=tty1 console=ttyS0
[    0.00000] KERNEL supported cpus:
[    0.000000]   Intel GenuineIntel
[    0.000000]   AMD AuthenticAMD
[    0.000000]   Centaur CentaurHauls
[    0.000000] x86/fpu: xstate_offset[2]:  576, xstate_sizes[2]:  256
[    0.000000] x86/fpu: Supporting XSAVE feature 0x01: 'x87 floating point registers'
[    0.000000] x86/fpu: Supporting XSAVE feature 0x02: 'SSE registers'
[    0.000000] x86/fpu: Supporting XSAVE feature 0x04: 'AVX registers'
[    0.000000] x86/fpu: Enabled xstate features 0x7, context size is 832 bytes, using 'standard' format.
[    0.000000] x86/fpu: Using 'lazy' FPU context switches.
[    0.000000] e820: BIOS-provided physical RAM map:
[    0.000000] BIOS-e820: [mem 0x0000000000000000-0x000000000009fbff] usable
[    0.000000] BIOS-e820: [mem 0x000000000009fc00-0x000000000009ffff] reserved
[    0.000000] BIOS-e820: [mem 0x00000000000f0000-0x00000000000fffff] reserved
[    0.000000] BIOS-e820: [mem 0x0000000000100000-0x000000003ffeffff] usable
[    0.000000] BIOS-e820: [mem 0x000000003fff0000-0x000000003fffffff] ACPI data
[    0.000000] BIOS-e820: [mem 0x00000000fec00000-0x00000000fec00fff] reserved
[    0.000000] BIOS-e820: [mem 0x00000000fee00000-0x00000000fee00fff] reserved
[    0.000000] BIOS-e820: [mem 0x00000000fffc0000-0x00000000ffffffff] reserved
[    0.000000] NX (Execute Disable) protection: active
[    0.000000] SMBIOS 2.5 present.
[    0.000000] Hypervisor detected: KVM
[    0.000000] e820: last_pfn = 0x3fff0 max_arch_pfn = 0x400000000
[    0.000000] MTRR: Disabled
[    0.000000] x86/PAT: MTRRs disabled, skipping PAT initialization too.
[    0.000000] CPU MTRRs all blank - virtualized system.
[    0.000000] x86/PAT: Configuration [0-7]: WB  WT  UC- UC  WB  WT  UC- UC  
[    0.000000] found SMP MP-table at [mem 0x0009fff0-0x0009ffff] mapped at [ffff88000009fff0]
[    0.000000] Scanning 1 areas for low memory corruption
[    0.000000] RAMDISK: [mem 0x36230000-0x3710ffff]
[    0.000000] ACPI: Early table checksum verification disabled
[    0.000000] ACPI: RSDP 0x00000000000E0000 000024 (v02 VBOX  )
[    0.000000] ACPI: XSDT 0x000000003FFF0030 00003C (v01 VBOX   VBOXXSDT 00000001 ASL  00000061)
[    0.000000] ACPI: FACP 0x000000003FFF00F0 0000F4 (v04 VBOX   VBOXFACP 00000001 ASL  00000061)
[    0.000000] ACPI: DSDT 0x000000003FFF0470 0021FF (v02 VBOX   VBOXBIOS 00000002 INTL 20100528)
[    0.000000] ACPI: FACS 0x000000003FFF0200 000040
[    0.000000] ACPI: FACS 0x000000003FFF0200 000040
[    0.000000] ACPI: APIC 0x000000003FFF0240 00005C (v02 VBOX   VBOXAPIC 00000001 ASL  00000061)
[    0.000000] ACPI: SSDT 0x000000003FFF02A0 0001CC (v01 VBOX   VBOXCPUT 00000002 INTL 20100528)
[    0.000000] No NUMA configuration found
[    0.000000] Faking a node at [mem 0x0000000000000000-0x000000003ffeffff]
[    0.000000] NODE_DATA(0) allocated [mem 0x3ffeb000-0x3ffeffff]
[    0.000000] kvm-clock: Using msrs 4b564d01 and 4b564d00
[    0.000000] kvm-clock: cpu 0, msr 0:3ffe3001, primary cpu clock
[    0.000000] kvm-clock: using sched offset of 4953826950 cycles
[    0.000000] clocksource: kvm-clock: mask: 0xffffffffffffffff max_cycles: 0x1cd42e4dffb, max_idle_ns: 881590591483 ns
[    0.000000] Zone ranges:
[    0.000000]   DMA      [mem 0x0000000000001000-0x0000000000ffffff]
[    0.000000]   DMA32    [mem 0x0000000001000000-0x000000003ffeffff]
[    0.000000]   Normal   empty
[    0.000000]   Device   empty
[    0.000000] Movable zone start for each node
[    0.000000] Early memory node ranges
[    0.000000]   node   0: [mem 0x0000000000001000-0x000000000009efff]
[    0.000000]   node   0: [mem 0x0000000000100000-0x000000003ffeffff]
[    0.000000] Initmem setup node 0 [mem 0x0000000000001000-0x000000003ffeffff]
[    0.000000] ACPI: PM-Timer IO Port: 0x4008
[    0.000000] IOAPIC[0]: apic_id 2, version 32, address 0xfec00000, GSI 0-23
[    0.000000] ACPI: INT_SRC_OVR (bus 0 bus_irq 0 global_irq 2 dfl dfl)
[    0.000000] ACPI: INT_SRC_OVR (bus 0 bus_irq 9 global_irq 9 high level)
[    0.000000] Using ACPI (MADT) for SMP configuration information
[    0.000000] smpboot: Allowing 2 CPUs, 0 hotplug CPUs
[    0.000000] PM: Registered nosave memory: [mem 0x00000000-0x00000fff]
[    0.000000] PM: Registered nosave memory: [mem 0x0009f000-0x0009ffff]
[    0.000000] PM: Registered nosave memory: [mem 0x000a0000-0x000effff]
[    0.000000] PM: Registered nosave memory: [mem 0x000f0000-0x000fffff]
[    0.000000] e820: [mem 0x40000000-0xfebfffff] available for PCI devices
[    0.000000] Booting paravirtualized kernel on KVM
[    0.000000] clocksource: refined-jiffies: mask: 0xffffffff max_cycles: 0xffffffff, max_idle_ns: 7645519600211568 ns
[    0.000000] setup_percpu: NR_CPUS:512 nr_cpumask_bits:512 nr_cpu_ids:2 nr_node_ids:1
[    0.000000] PERCPU: Embedded 33 pages/cpu @ffff88003fc00000 s98200 r8192 d28776 u1048576
[    0.000000] PV qspinlock hash table entries: 256 (order: 0, 4096 bytes)
[    0.000000] Built 1 zonelists in Node order, mobility grouping on.  Total pages: 257913
[    0.000000] Policy zone: DMA32
[    0.000000] Kernel command line: BOOT_IMAGE=/boot/vmlinuz-4.4.0-103-generic root=UUID=b47c7b39-066f-4b0d-bb40-05787cf11755 ro console=tty1 console=ttyS0
[    0.000000] PID hash table entries: 4096 (order: 3, 32768 bytes)
[    0.000000] Memory: 997340K/1048120K available (8485K kernel code, 1295K rwdata, 3988K rodata, 1492K init, 1316K bss, 50780K reserved, 0K cma-reserved)
[    0.000000] SLUB: HWalign=64, Order=0-3, MinObjects=0, CPUs=2, Nodes=1
[    0.000000] Hierarchical RCU implementation.
[    0.000000] 	Build-time adjustment of leaf fanout to 64.
[    0.000000] 	RCU restricting CPUs from NR_CPUS=512 to nr_cpu_ids=2.
[    0.000000] RCU: Adjusting geometry for rcu_fanout_leaf=64, nr_cpu_ids=2
[    0.000000] NR_IRQS:33024 nr_irqs:440 16
[    0.000000] Console: colour VGA+ 80x25
[    0.000000] console [tty1] enabled
[    0.000000] console [ttyS0] enabled
[    0.000000] tsc: Detected 2904.000 MHz processor
[   16.530379] Calibrating delay loop (skipped) preset value.. 5808.00 BogoMIPS (lpj=11616000)
[   16.725426] pid_max: default: 32768 minimum: 301
[   16.849765] ACPI: Core revision 20150930
[   16.950311] ACPI: 2 ACPI AML tables successfully acquired and loaded
[   17.129313] Security Framework initialized
[   17.225705] Yama: becoming mindful.
[   17.289592] AppArmor: AppArmor initialized
[   17.369122] Dentry cache hash table entries: 131072 (order: 8, 1048576 bytes)
[   17.582447] Inode-cache hash table entries: 65536 (order: 7, 524288 bytes)
[   17.793923] Mount-cache hash table entries: 2048 (order: 2, 16384 bytes)
[   17.976663] Mountpoint-cache hash table entries: 2048 (order: 2, 16384 bytes)
[   18.184964] Initializing cgroup subsys io
[   18.293646] Initializing cgroup subsys memory
[   18.374122] Initializing cgroup subsys devices
[   18.440664] Initializing cgroup subsys freezer
[   18.538970] Initializing cgroup subsys net_cls
[   18.658868] Initializing cgroup subsys perf_event
[   18.780930] Initializing cgroup subsys net_prio
[   18.896034] Initializing cgroup subsys hugetlb
[   19.024597] Initializing cgroup subsys pids
[   19.135263] CPU: Physical Processor ID: 0
[   19.257650] CPU: Processor Core ID: 0
[   19.362170] mce: CPU supports 0 MCE banks
[   19.461163] Last level iTLB entries: 4KB 64, 2MB 8, 4MB 8
[   19.561740] Last level dTLB entries: 4KB 64, 2MB 0, 4MB 0, 1GB 4
[   19.729304] Freeing SMP alternatives memory: 32K
[   19.872228] ftrace: allocating 32158 entries in 126 pages
[   20.007351] smpboot: APIC(0) Converting physical 0 to logical package 0
[   20.169215] smpboot: Max logical packages: 1
[   20.275448] x2apic enabled
[   20.344922] Switched APIC routing to physical x2apic.
[   20.470641] ..TIMER: vector=0x30 apic1=0 pin1=2 apic2=-1 pin2=-1
[   20.701349] smpboot: CPU0: Intel(R) Core(TM) i7-7820HQ CPU @ 2.90GHz (family: 0x6, model: 0x9e, stepping: 0x9)
[   20.949564] Performance Events: unsupported p6 CPU model 158 no PMU driver, software events only.
[   21.207326] KVM setup paravirtual spinlock
[   21.330354] x86: Booting SMP configuration:
[   21.448250] .... node  #0, CPUs:      #1
[   21.553328] kvm-clock: cpu 1, msr 0:3ffe3041, secondary cpu clock
[   21.654761] mce: CPU supports 0 MCE banks
[   21.676805] x86: Booted up 1 node, 2 CPUs
[   21.754993] smpboot: Total of 2 processors activated (11616.00 BogoMIPS)
[   21.970025] devtmpfs: initialized
[   22.066535] evm: security.selinux
[   22.161259] evm: security.SMACK64
[   22.261888] evm: security.SMACK64EXEC
[   22.371895] evm: security.SMACK64TRANSMUTE
[   22.484678] evm: security.SMACK64MMAP
[   22.596760] evm: security.ima
[   22.679009] evm: security.capability
[   22.761472] clocksource: jiffies: mask: 0xffffffff max_cycles: 0xffffffff, max_idle_ns: 7645041785100000 ns
[   22.979845] futex hash table entries: 512 (order: 3, 32768 bytes)
[   23.170303] pinctrl core: initialized pinctrl subsystem
[   23.324826] RTC time:  3:21:19, date: 01/16/18
[   23.408875] NET: Registered protocol family 16
[   23.546093] cpuidle: using governor ladder
[   23.673912] cpuidle: using governor menu
[   23.793266] PCCT header not found.
[   23.865155] ACPI: bus type PCI registered
[   23.906252] acpiphp: ACPI Hot Plug PCI Controller Driver version: 0.5
[   24.099283] PCI: Using configuration type 1 for base access
[   24.283322] ACPI: Added _OSI(Module Device)
[   24.409287] ACPI: Added _OSI(Processor Device)
[   24.543077] ACPI: Added _OSI(3.0 _SCP Extensions)
[   24.682638] ACPI: Added _OSI(Processor Aggregator Device)
[   24.853027] ACPI: Executed 1 blocks of module-level executable AML code
[   24.972386] ACPI: Interpreter enabled
[   25.027569] ACPI: (supports S0 S5)
[   25.129458] ACPI: Using IOAPIC for interrupt routing
[   25.284686] PCI: Using host bridge windows from ACPI; if necessary, use "pci=nocrs" and report a bug
[   25.524795] ACPI: PCI Root Bridge [PCI0] (domain 0000 [bus 00-ff])
[   25.698151] acpi PNP0A03:00: _OSC: OS supports [ASPM ClockPM Segments MSI]
[   25.835740] acpi PNP0A03:00: _OSC: not requesting OS control; OS requires [ExtendedConfig ASPM ClockPM MSI]
[   25.964486] acpi PNP0A03:00: fail to add MMCONFIG information, can't access extended PCI configuration space under this bridge.
[   26.197262] PCI host bridge to bus 0000:00
[   26.312206] pci_bus 0000:00: root bus resource [io  0x0000-0x0cf7 window]
[   26.488115] pci_bus 0000:00: root bus resource [io  0x0d00-0xffff window]
[   26.682989] pci_bus 0000:00: root bus resource [mem 0x000a0000-0x000bffff window]
[   26.901203] pci_bus 0000:00: root bus resource [mem 0x40000000-0xffdfffff window]
[   27.125946] pci_bus 0000:00: root bus resource [bus 00-ff]
[   27.189444] pci 0000:00:01.1: legacy IDE quirk: reg 0x10: [io  0x01f0-0x01f7]
[   27.382014] pci 0000:00:01.1: legacy IDE quirk: reg 0x14: [io  0x03f6]
[   27.586609] pci 0000:00:01.1: legacy IDE quirk: reg 0x18: [io  0x0170-0x0177]
[   27.779951] pci 0000:00:01.1: legacy IDE quirk: reg 0x1c: [io  0x0376]
[   27.993094] pci 0000:00:07.0: quirk: [io  0x4000-0x403f] claimed by PIIX4 ACPI
[   28.202893] pci 0000:00:07.0: quirk: [io  0x4100-0x410f] claimed by PIIX4 SMB
[   28.302955] ACPI: PCI Interrupt Link [LNKA] (IRQs 5 9 10 *11)
[   28.461840] ACPI: PCI Interrupt Link [LNKB] (IRQs 5 9 10 *11)
[   28.613696] ACPI: PCI Interrupt Link [LNKC] (IRQs 5 9 *10 11)
[   28.760414] ACPI: PCI Interrupt Link [LNKD] (IRQs 5 *9 10 11)
[   28.920379] ACPI: Enabled 2 GPEs in block 00 to 07
[   29.061337] vgaarb: setting as boot device: PCI:0000:00:02.0
[   29.206285] vgaarb: device added: PCI:0000:00:02.0,decodes=io+mem,owns=io+mem,locks=none
[   29.380982] vgaarb: loaded
[   29.413608] vgaarb: bridge control possible 0000:00:02.0
[   29.572635] SCSI subsystem initialized
[   29.689291] ACPI: bus type USB registered
[   29.808255] usbcore: registered new interface driver usbfs
[   29.972737] usbcore: registered new interface driver hub
[   30.134710] usbcore: registered new device driver usb
[   30.290650] PCI: Using ACPI for IRQ routing
[   30.416556] NetLabel: Initializing
[   30.477055] NetLabel:  domain hash size = 128
[   30.578170] NetLabel:  protocols = UNLABELED CIPSOv4
[   30.729818] NetLabel:  unlabeled traffic allowed by default
[   30.894089] amd_nb: Cannot enumerate AMD northbridges
[   31.040988] clocksource: Switched to clocksource kvm-clock
[   31.213228] AppArmor: AppArmor Filesystem Enabled
[   31.361199] pnp: PnP ACPI init
[   31.461716] pnp: PnP ACPI: found 3 devices
[   31.586407] clocksource: acpi_pm: mask: 0xffffff max_cycles: 0xffffff, max_idle_ns: 2085701024 ns
[   31.854046] NET: Registered protocol family 2
[   31.990116] TCP established hash table entries: 8192 (order: 4, 65536 bytes)
[   32.208594] TCP bind hash table entries: 8192 (order: 5, 131072 bytes)
[   32.412200] TCP: Hash tables configured (established 8192 bind 8192)
[   32.615715] UDP hash table entries: 512 (order: 2, 16384 bytes)
[   32.759087] UDP-Lite hash table entries: 512 (order: 2, 16384 bytes)
[   32.966050] NET: Registered protocol family 1
[   33.099919] pci 0000:00:00.0: Limiting direct PCI/PCI transfers
[   33.284101] pci 0000:00:01.0: Activating ISA DMA hang workarounds
[   33.467860] Unpacking initramfs...
[   33.781140] Freeing initrd memory: 15232K
[   33.888728] platform rtc_cmos: registered platform RTC device (no PNP device found)
[   34.130733] Scanning for low memory corruption every 60 seconds
[   34.318039] audit: initializing netlink subsys (disabled)
[   34.479788] audit: type=2000 audit(1516072866.786:1): initialized
[   34.670735] Initialise system trusted keyring
[   34.807019] HugeTLB registered 2 MB page size, pre-allocated 0 pages
[   34.904461] tsc: Refined TSC clocksource calibration: 2904.217 MHz
[   35.100372] clocksource: tsc: mask: 0xffffffffffffffff max_cycles: 0x29dcd264a19, max_idle_ns: 440795228387 ns
ÿ[   35.102231] zbud: loaded
[   35.102391] VFS: Disk quotas dquot_6.6.0
[   35.102413] VFS: Dquot-cache hash table entries: 512 (order 0, 4096 bytes)
[   35.102588] squashfs: version 4.0 (2009/01/31) Phillip Lougher
[   35.102750] fuse init (API version 7.23)
[   35.102833] Key type big_key registered
[   35.102850] Allocating IMA MOK and blacklist keyrings.
[   35.102993] Key type asymmetric registered
[   35.102997] Asymmetric key parser 'x509' registered
[   35.103023] Block layer SCSI generic (bsg) driver version 0.4 loaded (major 249)
[   35.103043] io scheduler noop registered
[   35.103045] io scheduler deadline registered (default)
[   35.103065] io scheduler cfq registered
[   35.103132] pci_hotplug: PCI Hot Plug PCI Core version: 0.5
[   35.103135] pciehp: PCI Express Hot Plug Controller Driver version: 0.4
[   35.103487] ACPI: AC Adapter [AC] (off-line)
[   35.103546] input: Power Button as /devices/LNXSYSTM:00/LNXPWRBN:00/input/input0
[   35.103548] ACPI: Power Button [PWRF]
[   35.103660] input: Sleep Button as /devices/LNXSYSTM:00/LNXSLPBN:00/input/input1
[   35.103661] ACPI: Sleep Button [SLPF]
[   35.103824] GHES: HEST is not enabled!
[   35.104851] ACPI: Battery Slot [BAT0] (battery present)
[   35.104881] Serial: 8250/16550 driver, 32 ports, IRQ sharing enabled
[   35.432606] 00:02: ttyS0 at I/O 0x3f8 (irq = 4, base_baud = 115200) is a 16550A
[   35.510570] Linux agpgart interface v0.103
[   35.686390] loop: module loaded
[   35.686791] scsi host0: ata_piix
[   35.686831] scsi host1: ata_piix
[   35.686853] ata1: PATA max UDMA/33 cmd 0x1f0 ctl 0x3f6 bmdma 0xd000 irq 14
[   35.686853] ata2: PATA max UDMA/33 cmd 0x170 ctl 0x376 bmdma 0xd008 irq 15
[   35.686905] libphy: Fixed MDIO Bus: probed
[   35.686907] tun: Universal TUN/TAP device driver, 1.6
[   35.686908] tun: (C) 1999-2004 Max Krasnyansky <maxk@qualcomm.com>
[   35.687278] PPP generic driver version 2.4.2
[   35.687334] ehci_hcd: USB 2.0 'Enhanced' Host Controller (EHCI) Driver
[   35.687337] ehci-pci: EHCI PCI platform driver
[   35.687348] ehci-platform: EHCI generic platform driver
[   35.687354] ohci_hcd: USB 1.1 'Open' Host Controller (OHCI) Driver
[   35.687357] ohci-pci: OHCI PCI platform driver
[   35.687363] ohci-platform: OHCI generic platform driver
[   35.687368] uhci_hcd: USB Universal Host Controller Interface driver
[   35.687408] i8042: PNP: PS/2 Controller [PNP0303:PS2K,PNP0f03:PS2M] at 0x60,0x64 irq 1,12
[   35.882986] serio: i8042 KBD port at 0x60,0x64 irq 1
[   35.882990] serio: i8042 AUX port at 0x60,0x64 irq 12
[   35.883093] mousedev: PS/2 mouse device common for all mice
[   35.883342] rtc_cmos rtc_cmos: rtc core: registered rtc_cmos as rtc0
[   35.883383] rtc_cmos rtc_cmos: alarms up to one day, 114 bytes nvram
[   35.883387] i2c /dev entries driver
[   35.883426] device-mapper: uevent: version 1.0.3
[   35.883465] device-mapper: ioctl: 4.34.0-ioctl (2015-10-28) initialised: dm-devel@redhat.com
[   35.883476] ledtrig-cpu: registered to indicate activity on CPUs
[   35.883654] NET: Registered protocol family 10
[   35.883754] NET: Registered protocol family 17
[   35.883763] Key type dns_resolver registered
[   35.984145] microcode: CPU0 sig=0x906e9, pf=0x8, revision=0x0
[   35.984211] microcode: CPU1 sig=0x906e9, pf=0x8, revision=0x0
[   35.984265] microcode: Microcode Update Driver: v2.01 <tigran@aivazian.fsnet.co.uk>, Peter Oruba
[   35.984426] registered taskstats version 1
[   35.984442] Loading compiled-in X.509 certificates
[   35.984983] Loaded X.509 cert 'Build time autogenerated kernel key: 6495e09daeacef0cade9c1ea2246b74b6c79cd53'
[   35.985003] zswap: loaded using pool lzo/zbud
[   35.986638] Key type trusted registered
[   35.989357] Key type encrypted registered
[   35.989362] AppArmor: AppArmor sha1 policy hashing enabled
[   35.989364] ima: No TPM chip found, activating TPM-bypass!
[   35.989379] evm: HMAC attrs: 0x1
[   35.989722]   Magic number: 2:309:361
[   36.069075] rtc_cmos rtc_cmos: setting system clock to 2018-01-16 03:21:31 UTC (1516072891)
[   36.069254] BIOS EDD facility v0.16 2004-Jun-25, 0 devices found
[   36.069254] EDD information not available.
[   36.821044] atkbd serio0: Failed to enable keyboard on isa0060/serio0
[   36.821087] input: AT Translated Set 2 keyboard as /devices/platform/i8042/serio0/input/input2
[   36.854854] atkbd serio0: Spurious ACK on isa0060/serio0. Some program might be trying to access hardware directly.
[   46.062100] Freeing unused kernel memory: 1492K
[   46.268247] Write protecting the kernel read-only data: 14336k
[   46.471649] Freeing unused kernel memory: 1744K
[   46.614753] Freeing unused kernel memory: 108K
Loading, please [   46.860161] random: systemd-udevd: uninitialized urandom read (16 bytes read, 7 bits of entropy available)
wait...
startin[   46.860549] random: udevadm: uninitialized urandom read (16 bytes read, 7 bits of entropy available)
g version 229
[   46.860574] random: udevadm: uninitialized urandom read (16 bytes read, 7 bits of entropy available)
[   46.860651] random: udevadm: uninitialized urandom read (16 bytes read, 7 bits of entropy available)
[   46.860679] random: udevadm: uninitialized urandom read (16 bytes read, 7 bits of entropy available)
[   46.860712] random: udevadm: uninitialized urandom read (16 bytes read, 7 bits of entropy available)
[   46.860740] random: udevadm: uninitialized urandom read (16 bytes read, 7 bits of entropy available)
[   46.860766] random: udevadm: uninitialized urandom read (16 bytes read, 7 bits of entropy available)
[   46.860790] random: udevadm: uninitialized urandom read (16 bytes read, 7 bits of entropy available)
[   46.860817] random: udevadm: uninitialized urandom read (16 bytes read, 7 bits of entropy available)
[   48.481616] e1000: Intel(R) PRO/1000 Network Driver - version 7.3.21-k8-NAPI
[   48.786226] e1000: Copyright (c) 1999-2006 Intel Corporation.
[   48.950353] Fusion MPT base driver 3.04.20
[   49.128743] Copyright (c) 1999-2008 LSI Corporation
[   49.193703] AVX version of gcm_enc/dec engaged.
[   49.226899] AES CTR mode by8 optimization enabled
[   49.393427] Fusion MPT SPI Host driver 3.04.20
[   49.536239] input: ImExPS/2 Generic Explorer Mouse as /devices/platform/i8042/serio1/input/input4
[   49.831094] e1000 0000:00:03.0 eth0: (PCI:33MHz:32-bit) 02:6d:48:63:12:0d
[   50.031975] e1000 0000:00:03.0 eth0: Intel(R) PRO/1000 Network Connection
[   50.601600] e1000 0000:00:08.0 eth1: (PCI:33MHz:32-bit) 08:00:27:68:59:d2
[   50.963360] e1000 0000:00:08.0 eth1: Intel(R) PRO/1000 Network Connection
[   51.329667] e1000 0000:00:03.0 enp0s3: renamed from eth0
[   51.333205] mptbase: ioc0: Initiating bringup
[   51.405556] e1000 0000:00:08.0 enp0s8: renamed from eth1
[   51.605564] ioc0: LSI53C1030 A0: Capabilities={Initiator}
[   51.948909] scsi host2: ioc0: LSI53C1030 A0, FwRev=00000000h, Ports=1, MaxQ=256, IRQ=20
[   52.313918] scsi 2:0:0:0: Direct-Access     VBOX     HARDDISK         1.0  PQ: 0 ANSI: 5
[   52.541328] scsi target2:0:0: Beginning Domain Validation
[   52.711972] scsi target2:0:0: Domain Validation skipping write tests
[   52.895066] scsi target2:0:0: Ending Domain Validation
[   53.047360] floppy0: no floppy controllers found
[   53.192705] scsi target2:0:0: asynchronous
[   53.311291] scsi 2:0:1:0: Direct-Access     VBOX     HARDDISK         1.0  PQ: 0 ANSI: 5
[   53.551385] scsi target2:0:1: Beginning Domain Validation
[   53.601874] scsi target2:0:1: Domain Validation skipping write tests
[   53.780337] scsi target2:0:1: Ending Domain Validation
[   53.907171] scsi target2:0:1: asynchronous
[   54.019934] sd 2:0:0:0: Attached scsi generic sg0 type 0
[   54.152962] sd 2:0:0:0: [sda] 20971520 512-byte logical blocks: (10.7 GB/10.0 GiB)
[   54.478030] sd 2:0:1:0: Attached scsi generic sg1 type 0
[   54.478397] sd 2:0:1:0: [sdb] 20480 512-byte logical blocks: (10.5 MB/10.0 MiB)
[   54.478853] sd 2:0:1:0: [sdb] Write Protect is off
[   54.479154] sd 2:0:1:0: [sdb] Incomplete mode parameter data
[   54.479154] sd 2:0:1:0: [sdb] Assuming drive cache: write through
[   54.488311] sd 2:0:1:0: [sdb] Attached SCSI disk
[   55.758743] sd 2:0:0:0: [sda] Write Protect is off
[   55.813498] sd 2:0:0:0: [sda] Incomplete mode parameter data
[   55.987749] sd 2:0:0:0: [sda] Assuming drive cache: write through
[   56.186796]  sda: sda1
[   56.200567] sd 2:0:0:0: [sda] Attached SCSI disk
Begin: Loading e[   57.513830] md: linear personality registered for level -1
ssential drivers[   57.693274] md: multipath personality registered for level -4
 ... [   57.963196] md: raid0 personality registered for level 0
[   58.035764] md: raid1 personality registered for level 1
[   58.373073] raid6: sse2x1   gen() 10132 MB/s
[   58.569076] raid6: sse2x1   xor()  6544 MB/s
[   58.761241] raid6: sse2x2   gen() 13118 MB/s
[   58.953484] raid6: sse2x2   xor()  9126 MB/s
[   59.125535] raid6: sse2x4   gen() 12701 MB/s
[   59.293085] raid6: sse2x4   xor()  9932 MB/s
[   59.421771] raid6: using algorithm sse2x2 gen() 13118 MB/s
[   59.575088] raid6: .... xor() 9126 MB/s, rmw enabled
[   59.718566] raid6: using ssse3x2 recovery algorithm
[   59.866830] xor: automatically using best checksumming function:
[   60.189056]    avx       : 20758.000 MB/sec
[   60.208140] async_tx: api initialized (async)
[   60.340683] md: raid6 personality registered for level 6
[   60.507397] md: raid5 personality registered for level 5
[   60.641843] md: raid4 personality registered for level 4
[   60.797479] md: raid10 personality registered for level 10
done.
Begin: Running[   60.971093] Btrfs loaded
 /scripts/init-premount ... done[   61.070235] EXT4-fs (sda1): mounted filesystem with ordered data mode. Opts: (null)
.
Begin: Mounting root file system ... Begin: Running /scripts/local-top ... done.
Begin: Running /scripts/local-premount ... Scanning for Btrfs filesystems
done.
Warning: fsck not present, so skipping root file system
done.
Begin: Running /scripts/local-bottom ... done.
Begin: Running /scripts/init-bottom ... done.
[   61.367080] systemd[1]: systemd 229 running in system mode. (+PAM +AUDIT +SELINUX +IMA +APPARMOR +SMACK +SYSVINIT +UTMP +LIBCRYPTSETUP +GCRYPT +GNUTLS +ACL +XZ -LZ4 +SECCOMP +BLKID +ELFUTILS +KMOD -IDN)
[   61.882322] systemd[1]: Detected virtualization oracle.
[   62.015052] systemd[1]: Detected architecture x86-64.

Welcome to [1mUbuntu 16.04.3 LTS[0m!

[   62.226841] systemd[1]: Set hostname to <ubuntu-xenial>.
[   62.454173] random: nonblocking pool is initialized
[   62.700760] systemd[1]: Listening on LVM2 metadata daemon socket.
[[0;32m  OK  [0m] Listening on LVM2 metadata daemon socket.
[   62.937797] systemd[1]: Created slice System Slice.
[[0;32m  OK  [0m] Created slice System Slice.
[   63.137893] systemd[1]: Created slice system-serial\x2dgetty.slice.
[[0;32m  OK  [0m] Created slice system-serial\x2dgetty.slice.
[   63.381846] systemd[1]: Created slice User and Session Slice.
[[0;32m  OK  [0m] Created slice User and Session Slice.
[   63.610197] systemd[1]: Listening on /dev/initctl Compatibility Named Pipe.
[[0;32m  OK  [0m] Listening on /dev/initctl Compatibility Named Pipe.
[   63.909694] systemd[1]: Listening on LVM2 poll daemon socket.
[[0;32m  OK  [0m] Listening on LVM2 poll daemon socket.
[   64.146081] systemd[1]: Listening on Syslog Socket.
[[0;32m  OK  [0m] Listening on Syslog Socket.
[   64.353496] systemd[1]: Reached target User and Group Name Lookups.
[[0;32m  OK  [0m] Reached target User and Group Name Lookups.
[   64.573302] systemd[1]: Listening on Journal Socket (/dev/log).
[[0;32m  OK  [0m] Listening on Journal Socket (/dev/log).
[   64.821366] systemd[1]: Started Forward Password Requests to Wall Directory Watch.
[[0;32m  OK  [0m] Started Forward Password Requests to Wall Directory Watch.
[   65.141504] systemd[1]: Listening on Journal Socket.
[[0;32m  OK  [0m] Listening on Journal Socket.
[   65.373926] systemd[1]: Starting Create list of required static device nodes for the current kernel...
         Starting Create list of required st... nodes for the current kernel...
[   65.722458] systemd[1]: Starting Nameserver information manager...
         Starting Nameserver information manager...
[   65.957741] systemd[1]: Mounting POSIX Message Queue File System...
         Mounting POSIX Message Queue File System...
[   66.209998] systemd[1]: Starting Uncomplicated firewall...
         Starting Uncomplicated firewall...
[   66.429384] systemd[1]: Reached target Encrypted Volumes.
[[0;32m  OK  [0m] Reached target Encrypted Volumes.
[   66.665794] systemd[1]: Started Trigger resolvconf update for networkd DNS.
[[0;32m  OK  [0m] Started Trigger resolvconf update for networkd DNS.
[   66.953894] systemd[1]: Starting Set console keymap...
         Starting Set console keymap...
[   67.166149] systemd[1]: Created slice system-postgresql.slice.
[[0;32m  OK  [0m] Created slice system-postgresql.slice.
[   67.409669] systemd[1]: Listening on Device-mapper event daemon FIFOs.
[[0;32m  OK  [0m] Listening on Device-mapper event daemon FIFOs.
[   67.701788] systemd[1]: Mounting Debug File System...
         Mounting Debug File System...
[   67.881355] systemd[1]: Listening on Journal Audit Socket.
[[0;32m  OK  [0m] Listening on Journal Audit Socket.
[   68.085617] systemd[1]: Starting Journal Service...
         Starting Journal Service...
[   68.266335] systemd[1]: Reached target Swap.
[[0;32m  OK  [0m] Reached target Swap.
[   68.425615] systemd[1]: Reached target Slices.
[[0;32m  OK  [0m] Reached target Slices.
[   68.637371] systemd[1]: Starting Load Kernel Modules...
         Starting Load Ke[   68.809431] Loading iSCSI transport class v2.0-870.
rnel Modules...
[   68.978478] iscsi: registered transport (tcp)
[   68.998931] systemd[1]: Listening on udev Kernel Socket.
[[0;32m  OK  [0m] Listening on [   69.024143] iscsi: registered transport (iser)
udev Kernel Socket.
[   69.309979] systemd[1]: Set up automount Arbitrary Executable File Formats File System Automount Point.
[[0;32m  OK  [0m] Set up automount Arbitrary Executab...ats File System Automount Point.
[   69.713531] systemd[1]: Mounting Huge Pages File System...
         Mounting Huge Pages File System...
[   69.928946] systemd[1]: Listening on udev Control Socket.
[[0;32m  OK  [0m] Listening on udev Control Socket.
[   70.113444] systemd[1]: Starting Monitoring of LVM2 mirrors, snapshots etc. using dmeventd or progress polling...
         Starting Monitoring of LVM2 mirrors... dmeventd or progress polling...
[   70.517739] systemd[1]: Starting Remount Root and Kernel File Systems...
         Starting Remount[   70.731442] EXT4-fs (sda1): re-mounted. Opts: (null)
 Root and Kernel File Systems...
[   70.958641] systemd[1]: Mounted POSIX Message Queue File System.
[[0;32m  OK  [0m] Mounted POSIX Message Queue File System.
[   71.169252] systemd[1]: Mounted Debug File System.
[[0;32m  OK  [0m] Mounted Debug File System.
[   71.353473] systemd[1]: Mounted Huge Pages File System.
[[0;32m  OK  [0m] Mounted Huge Pages File System.
[   71.509470] systemd[1]: Started Journal Service.
[[0;32m  OK  [0m] Started Journal Service.
[[0;32m  OK  [0m] Started Create list of required sta...ce nodes for the current kernel.
[[0;32m  OK  [0m] Started Uncomplicated firewall.
[[0;32m  OK  [0m] Started Set console keymap.
[[0;32m  OK  [0m] Started Load Kernel Modules.
[[0;32m  OK  [0m] Started Remount Root and Kernel File Systems.
[[0;32m  OK  [0m] Started Nameserver information manager.
[[0;32m  OK  [0m] Started LVM2 metadata daemon.
         Starting Initial cloud-init job (pre-networking)...
         Starting udev Coldplug all Devices...
         Starting Load/Save Random Seed...
         Mounting FUSE Control File System...
         Starting Apply Kernel Variables...
         Starting Create Static Device Nodes in /dev...
         Starting Flush Journal to Persistent Storage...
[[0;32m  OK  [0m] Mounted FUSE Control File System.
[[0;32m  OK  [0m] Started Load/Save Random Seed.
[[0;32m  OK  [0m] Started Apply Kernel Variables.
[[0;32m  OK  [0m] Started Create Static Device Nodes in /dev.
[[0;32m  OK  [0m] Started udev Coldplug all Devices.
[[0;32m  OK  [0m] Started Flush Journal to Persistent Storage.
         Starting udev Kernel Device Manager...
[[0;32m  OK  [0m] Started udev Kernel Device Manager.
[[0;32m  OK  [0m] Started Dispatch Password Requests to Console Directory Watch.
[[0;32m  OK  [0m] Started Monitoring of LVM2 mirrors,...ng dmeventd or progress polling.
[[0;32m  OK  [0m] Found device /dev/ttyS0.
[[0;32m  OK  [0m] Listening on Load/Save RF Kill Switch Status /dev/rfkill Watch.
[[0;32m  OK  [0m] Reached target Local File Systems (Pre).
[[0;32m  OK  [0m] Reached target Local File Systems.
[   42.763121] cloud-init[451]: Cloud-init v. 0.7.9 running 'init-local' at Tue, 16 Jan 2018 03:22:08 +0000. Up 42.49 seconds.
         Starting Create Volatile Files and Directories...
         Starting Tell Plymouth To Write Out Runtime Data...
         Starting LSB: AppArmor initialization...
         Starting Set console font and keymap...
[[0;32m  OK  [0m] Started Create Volatile Files and Directories.
[[0;32m  OK  [0m] Started Tell Plymouth To Write Out Runtime Data.
[[0;32m  OK  [0m] Started Initial cloud-init job (pre-networking).
[[0;32m  OK  [0m] Found device 82540EM Gigabit Ethern...r (PRO/1000 MT Desktop Adapter).
[[0;32m  OK  [0m] Started Set console font and keymap.
[[0;32m  OK  [0m] Created slice system-getty.slice.
[[0;32m  OK  [0m] Reached target Network (Pre).
         Starting Update UTMP about System Boot/Shutdown...
[[0;32m  OK  [0m] Reached target System Time Synchronized.
[[0;32m  OK  [0m] Started LSB: AppArmor initialization.
[[0;32m  OK  [0m] Started ifup for enp0s3.
         Starting Raise network interfaces...
[[0;32m  OK  [0m] Started ifup for enp0s8.
[[0;32m  OK  [0m] Started Update UTMP about System Boot/Shutdown.
[[0;32m  OK  [0m] Started Raise network interfaces.
         Starting Initial cloud-init job (metadata service crawler)...
[[0;32m  OK  [0m] Reached target Network.
[   45.930241] cloud-init[1053]: Cloud-init v. 0.7.9 running 'init' at Tue, 16 Jan 2018 03:22:11 +0000. Up 45.68 seconds.
[   46.064891] [cloud-init[0;32m  OK  [0m[1053]: ] ci-info: ++++++++++++++++++++++++++++++++++++++Net device info++++++++++++++++++++++++++++++++++++++Started Initial cloud-init job (metadata service crawler).

[   46.065834] cloud-init[1053]: ci-info: +--------+------+-----------------------------+---------------+-------+-------------------+
[   46.381463] [cloud-init[0;32m  OK  [0m[1053]: ] ci-info: | Device |  Up  |           Address           |      Mask     | Scope |     Hw-Address    |Reached target System Initialization.

[[0;32m  OK  [0m] Started Daily Cleanup of Temporary Directories.
[   46.382550] cloud-init[1053]: ci-info: +--------+------+-----------------------------+---------------+-------+-------------------+
[   46.704813] [cloud-init[0;32m  OK  [0m[1053]: ] ci-info: | enp0s3 | True |          10.0.2.15          | 255.255.255.0 |   .   | 02:6d:48:63:12:0d |Started ACPI Events Check.

[[0;32m  OK  [0m] Reached target Paths.
[   46.706066] cloud-init[1053]: ci-info: | enp0s3 | True |  fe80::6d:48ff:fe63:120d/64 |       .       |  link | 02:6d:48:63:12:0d |
[   47.045224] [cloud-init[0;32m  OK  [0m[1053]: ] ci-info: |   lo   | True |          127.0.0.1          |   255.0.0.0   |   .   |         .         |Started Timer to automatically fetch and run repair assertions.

[[0;32m  OK  [0m] Listening on D-Bus System Message Bus Socket.
         Starting Socket activation for snappy daemon.
[   47.046577] cloud-init[1053]: ci-info: |   lo   | True |           ::1/128           |       .       |  host |         .         |
[[0;32m  OK  [0m] Listening on UUID daemon activation socket.
[   47.241701] cloud-init[1053]: ci-info: | enp0s8 | True |         192.168.3.4         | 255.255.255.0 |   .   | 08:00:27:68:59:d2 |
[   47.521996]          Starting LXD - unix socket.
[[0;32m  OK  [0m] Started Timer to automatically refresh installed snaps.
[[0;32m  OK  [0m] Listening on ACPID Listen Socket.
[[0;32m  OK  [0m] Reached target Cloud-config availability.
[[0;32m  OK  [0m] Reached target Network is Online.
cloud-init[1053]: ci-info: | enp0s8 | True | fe80::a00:27ff:fe68:59d2/64 |       .       |  link | 08:00:27:68:59:d2 |
[   47.788271]          Starting iSCSI initiator daemon (iscsid)...
cloud-init[1053]: ci-info: +--------+------+-----------------------------+---------------+-------+-------------------+
[   47.810134] [cloud-init[0;32m  OK  [0m[1053]: ] ci-info: +++++++++++++++++++++++++++Route IPv4 info++++++++++++++++++++++++++++Started Daily apt download activities.

[[0;32m  OK  [0m] Started Daily apt upgrade and clean activities.
[[0;32m  OK  [0m] Reached target Timers.
[   47.810928] cloud-init[1053]: ci-info: +-------+-------------+----------+---------------+-----------+-------+
[   48.056436] [cloud-init[0;32m  OK  [0m[1053]: ] ci-info: | Route | Destination | Gateway  |    Genmask    | Interface | Flags |Listening on Socket activation for snappy daemon.

[   48.057014] [cloud-init[0;32m  OK  [0m[1053]: ] ci-info: +-------+-------------+----------+---------------+-----------+-------+Listening on LXD - unix socket.

[   48.252333] [cloud-init[0;32m  OK  [0m[1053]: ] ci-info: |   0   |   0.0.0.0   | 10.0.2.2 |    0.0.0.0    |   enp0s3  |   UG  |Reached target Sockets.

[   48.253099] [[0;32m  OK  [0m] Reached target Basic System.
cloud-init[1053]: ci-info: |   1   |   10.0.2.0  | 0.0.0.0  | 255.255.255.0 |   enp0s3  |   U   |
[   48.294828] cloud-init[1053]: ci-info: |   2   | 192.168.3.0 | 0.0.0.0  | 255.255.255.0 |   enp0s8  |   U   |
[   48.369209] cloud-init[1053]: ci-info: +-------+-------------+----------+---------------+-----------+-------+
         Starting Apply the settings specified in cloud-config...
[[0;32m  OK  [0m] Started FUSE filesystem for LXC.
         Starting LSB: MD monitoring daemon...
[[0;32m  OK  [0m] Started Deferred execution scheduler.
[   48.650922] cloud-init[1109]: Cloud-init v. 0.7.9 running 'modules:config' at Tue, 16 Jan 2018 03:22:14 +0000. Up 48.52 seconds.
[[0;32m  OK  [0m] Started Regular background program processing daemon.
         Starting PostgreSQL Cluster 9.6-main...
         Starting PostgreSQL Cluster 9.5-main...
[[0;32m  OK  [0m] Started Unattended Upgrades Shutdown.
         Starting LXD - container startup/shutdown...
[[0;32m  OK  [0m] Started ACPI event daemon.
         Starting Accounts Service...
         Starting LSB: Record successful boot for GRUB...
         Starting System Logging Service...
         Starting /etc/rc.local Compatibility...
         Starting Snappy daemon...
[[0;32m  OK  [0m] Started D-Bus System Message Bus.
         Starting Automatically fetch and run repair assertions...
         Starting Login Service...
         Starting OpenBSD Secure Shell server...
[[0;32m  OK  [0m] Started System Logging Service.
[[0;32m  OK  [0m] Started Snappy daemon.
[[0;32m  OK  [0m] Started OpenBSD Secure Shell server.
[[0;32m  OK  [0m] Started iSCSI initiator daemon (iscsid).
[[0;32m  OK  [0m] Started Apply the settings specified in cloud-config.
[[0;32m  OK  [0m] Started LXD - container startup/shutdown.
[[0;32m  OK  [0m] Started /etc/rc.local Compatibility.
[[0;32m  OK  [0m] Started Automatically fetch and run repair assertions.
[[0;32m  OK  [0m] Started LSB: MD monitoring daemon.
[[0;32m  OK  [0m] Started LSB: Record successful boot for GRUB.
         Starting Authenticate and Authorize Users to Run Privileged Tasks...
         Starting Login to default iSCSI targets...
         Starting Auto import assertions from block devices...
[[0;32m  OK  [0m] Started Auto import assertions from block devices.
[[0;32m  OK  [0m] Started Login Service.
[[0;32m  OK  [0m] Started Authenticate and Authorize Users to Run Privileged Tasks.
[[0;32m  OK  [0m] Started Accounts Service.
[[0;32m  OK  [0m] Started Login to default iSCSI targets.
[[0;32m  OK  [0m] Reached target Remote File Systems (Pre).
[[0;32m  OK  [0m] Reached target Remote File Systems.
         Starting LSB: Start/stop sysstat's sadc...
         Starting LSB: Set the CPU Frequency Scaling governor to "ondemand"...
         Starting LSB: automatic crash report generation...
         Starting LSB: daemon to balance interrupts for SMP systems...
         Starting LSB: VirtualBox Linux Additions...
         Starting Permit User Sessions...
[[0;32m  OK  [0m] Started Permit User Sessions.
[[0;32m  OK  [0m] Started LSB: Start/stop sysstat's sadc.
[[0;32m  OK  [0m] Started LSB: Set the CPU Frequency Scaling governor to "ondemand".
[[0;32m  OK  [0m] Started LSB: automatic crash report generation.
[[0;32m  OK  [0m] Started LSB: daemon to balance interrupts for SMP systems.
[[0;32m  OK  [0m] Created slice User Slice of ubuntu.
         Starting User Manager for UID 1000...
[[0;32m  OK  [0m] Started Session 1 of user ubuntu.
         Starting Hold until boot process finishes up...
         Starting Terminate Plymouth Boot Screen...
[[0;32m  OK  [0m] Started User Manager for UID 1000.
[[0;32m  OK  [0m] Started PostgreSQL Cluster 9.6-main.
[[0;32m  OK  [0m] Started PostgreSQL Cluster 9.5-main.
[[0;32m  OK  [0m] Started LSB: VirtualBox Linux Additions.
[[0;32m  OK  [0m] Started Hold until boot process finishes up.
[[0;32m  OK  [0m] Started Terminate Plymouth Boot Screen.
         Starting Set console scheme...
[[0;32m  OK  [0m] Started Getty on tty1.
[[0;32m  OK  [0m] Started Serial Getty on ttyS0.
[[0;32m  OK  [0m] Reached target Login Prompts.
         Starting PostgreSQL RDBMS...
[[0;32m  OK  [0m] Started Set console scheme.
[[0;32m  OK  [0m] Started PostgreSQL RDBMS.
[[0;32m  OK  [0m] Reached target Multi-User System.
         Starting Execute cloud user/final scripts...
[[0;32m  OK  [0m] Reached target Graphical Interface.
         Starting Update UTMP about System Runlevel Changes...
[[0;32m  OK  [0m] Started Update UTMP about System Runlevel Changes.
[   52.256386] cloud-init[1359]: Cloud-init v. 0.7.9 running 'modules:final' at Tue, 16 Jan 2018 03:22:17 +0000. Up 52.15 seconds.
[   52.336439] [cloud-init[0;32m  OK  [0m[1359]: ] Cloud-init v. 0.7.9 finished at Tue, 16 Jan 2018 03:22:18 +0000. Datasource DataSourceNoCloud [seed=/dev/sdb][dsmode=net].  Up 52.25 secondsStarted Execute cloud user/final scripts.

[[0;32m  OK  [0m] Reached target Cloud-init target.

Ubuntu 16.04.3 LTS ubuntu-xenial ttyS0

ubuntu-xenial login:          Stoppn         Stopping Authenticate and Authorize Users to Run Privileged Tasks...
         Stopping Accounts Service...
[[0;32m  OK  [0m] Unmounted /var/lib/lxcfs.
[[0;32m  OK  [0m] Stopped Deferred execution scheduler.
[[0;32m  OK  [0m] Stopped Regular background program processing daemon.
[[0;32m  OK  [0m] Stopped ACPI event daemon.
[[0;32m  OK  [0m] Stopped Accounts Service.
[[0;32m  OK  [0m] Stopped System Logging Service.
[[0;32m  OK  [0m] Stopped Snappy daemon.
[[0;32m  OK  [0m] Stopped OpenBSD Secure Shell server.
[[0;32m  OK  [0m] Stopped Authenticate and Authorize Users to Run Privileged Tasks.
[[0;32m  OK  [0m] Stopped Getty on tty1.
[[0;32m  OK  [0m] Stopped Serial Getty on ttyS0.
[[0;32m  OK  [0m] Stopped User Manager for UID 1000.
[[0;32m  OK  [0m] Stopped Session 23 of user ubuntu.
[[0;32m  OK  [0m] Stopped D-Bus System Message Bus.
[[0;32m  OK  [0m] Stopped Unattended Upgrades Shutdown.
[[0;32m  OK  [0m] Stopped FUSE filesystem for LXC.
[[0;32m  OK  [0m] Stopped PostgreSQL Cluster 9.6-main.
[[0;32m  OK  [0m] Stopped LSB: MD monitoring daemon.
[[0;32m  OK  [0m] Stopped LSB: Set the CPU Frequency Scaling governor to "ondemand".
[[0;32m  OK  [0m] Stopped PostgreSQL Cluster 9.5-main.
[[0;32m  OK  [0m] Stopped LSB: daemon to balance interrupts for SMP systems.
[[0;32m  OK  [0m] Stopped LSB: automatic crash report generation.
[[0;32m  OK  [0m] Stopped LSB: Start/stop sysstat's sadc.
[[0;32m  OK  [0m] Stopped LXD - container startup/shutdown.
[[0;32m  OK  [0m] Stopped LSB: Record successful boot for GRUB.
[[0;32m  OK  [0m] Stopped LSB: VirtualBox Linux Additions.
[[0;32m  OK  [0m] Removed slice system-postgresql.slice.
[[0;32m  OK  [0m] Removed slice User Slice of ubuntu.
         Stopping Login Service...
[[0;32m  OK  [0m] Removed slice system-serial\x2dgetty.slice.
[[0;32m  OK  [0m] Stopped /etc/rc.local Compatibility.
[[0;32m  OK  [0m] Removed slice system-getty.slice.
         Stopping Permit User Sessions...
[[0;32m  OK  [0m] Stopped Login Service.
[[0;32m  OK  [0m] Stopped Permit User Sessions.
[[0;32m  OK  [0m] Stopped target Remote File Systems.
[[0;32m  OK  [0m] Stopped target Remote File Systems (Pre).
         Stopping Login to default iSCSI targets...
[[0;32m  OK  [0m] Stopped target Basic System.
[[0;32m  OK  [0m] Stopped target Paths.
[[0;32m  OK  [0m] Stopped Forward Password Requests to Wall Directory Watch.
[[0;32m  OK  [0m] Stopped ACPI Events Check.
[[0;32m  OK  [0m] Stopped Dispatch Password Requests to Console Directory Watch.
[[0;32m  OK  [0m] Stopped target Slices.
[[0;32m  OK  [0m] Stopped target Sockets.
[[0;32m  OK  [0m] Closed Socket activation for snappy daemon.
[[0;32m  OK  [0m] Closed ACPID Listen Socket.
[[0;32m  OK  [0m] Closed Syslog Socket.
[[0;32m  OK  [0m] Closed UUID daemon activation socket.
[[0;32m  OK  [0m] Closed LXD - unix socket.
[[0;32m  OK  [0m] Removed slice User and Session Slice.
[[0;32m  OK  [0m] Closed D-Bus System Message Bus Socket.
[[0;32m  OK  [0m] Stopped target System Initialization.
[[0;32m  OK  [0m] Stopped target Encrypted Volumes.
[[0;32m  OK  [0m] Stopped target Swap.
         Stopping Load/Save Random Seed...
         Stopping Update UTMP about System Boot/Shutdown...
[[0;32m  OK  [0m] Stopped target User and Group Name Lookups.
[[0;32m  OK  [0m] Stopped Load/Save Random Seed.
[[0;32m  OK  [0m] Stopped Update UTMP about System Boot/Shutdown.
[[0;32m  OK  [0m] Stopped Login to default iSCSI targets.
         Stopping iSCSI initiator daemon (iscsid)...
[[0;32m  OK  [0m] Stopped Create Volatile Files and Directories.
[[0;32m  OK  [0m] Stopped iSCSI initiator daemon (iscsid).
[[0;32m  OK  [0m] Stopped target Network is Online.
[[0;32m  OK  [0m] Stopped Initial cloud-init job (metadata service crawler).
[[0;32m  OK  [0m] Stopped target Network.
         Stopping Raise network interfaces...
[[0;32m  OK  [0m] Stopped Raise network interfaces.
[[0;32m  OK  [0m] Stopped Apply Kernel Variables.
[[0;32m  OK  [0m] Stopped target Network (Pre).
[[0;32m  OK  [0m] Stopped Initial cloud-init job (pre-networking).
[[0;32m  OK  [0m] Stopped target Local File Systems.
         Unmounting /run/user/1000...
         Unmounting /usr/local/apps/marineplanner-core...
[[0;32m  OK  [0m] Stopped Load Kernel Modules.
[[0;32m  OK  [0m] Unmounted /run/user/1000.
[[0;32m  OK  [0m] Unmounted /usr/local/apps/marineplanner-core.
[[0;32m  OK  [0m] Reached target Unmount All Filesystems.
[[0;32m  OK  [0m] Stopped target Local File Systems (Pre).
[[0;32m  OK  [0m] Stopped Remount Root and Kernel File Systems.
[[0;32m  OK  [0m] Stopped Create Static Device Nodes in /dev.
[[0;32m  OK  [0m] Reached target Shutdown.
[ 9459.480431] reboot: Power down